<?xml version="1.0" encoding="UTF-8"?>
<testsuite name="practical1.NumberToolsTest" tests="2" skipped="0" failures="0" errors="0" timestamp="2025-10-15T21:29:54.153Z" hostname="RJE10ISCOMPSCI" time="0.03">
  <properties/>
  <testcase name="testParse" classname="practical1.NumberToolsTest" time="0.009"/>
  <testcase name="testComputeStatistic" classname="practical1.NumberToolsTest" time="0.02"/>
  <system-out><![CDATA[]]></system-out>
  <system-err><![CDATA[]]></system-err>
</testsuite>
